2020-12-21 21:47:59.489  INFO 7076 --- [main] c.t.s.Springboottest0ApplicationTests    : Starting Springboottest0ApplicationTests using Java 1.8.0_192 on Xien with PID 7076 (started by Xien in D:\IdeaProjects\springboottest0)
2020-12-21 21:47:59.490 DEBUG 7076 --- [main] c.t.s.Springboottest0ApplicationTests    : Running with Spring Boot v2.4.1, Spring v5.3.2
2020-12-21 21:47:59.492  INFO 7076 --- [main] c.t.s.Springboottest0ApplicationTests    : No active profile set, falling back to default profiles: default
2020-12-21 21:48:01.776  INFO 7076 --- [main] o.s.s.concurrent.ThreadPoolTaskExecutor  : Initializing ExecutorService 'applicationTaskExecutor'
2020-12-21 21:48:02.135  INFO 7076 --- [main] c.t.s.Springboottest0ApplicationTests    : Started Springboottest0ApplicationTests in 3.106 seconds (JVM running for 4.422)
2020-12-21 21:48:02.336 TRACE 7076 --- [main] c.t.s.Springboottest0ApplicationTests    : 这是trace日志...
2020-12-21 21:48:02.336 DEBUG 7076 --- [main] c.t.s.Springboottest0ApplicationTests    : 这是debug日志...
2020-12-21 21:48:02.336  INFO 7076 --- [main] c.t.s.Springboottest0ApplicationTests    : 这是info日志...
2020-12-21 21:48:02.336  WARN 7076 --- [main] c.t.s.Springboottest0ApplicationTests    : 这是warn日志...
2020-12-21 21:48:02.336 ERROR 7076 --- [main] c.t.s.Springboottest0ApplicationTests    : 这是error日志...
2020-12-21 21:48:02.375  INFO 7076 --- [SpringContextShutdownHook] o.s.s.concurrent.ThreadPoolTaskExecutor  : Shutting down ExecutorService 'applicationTaskExecutor'
2020-12-21 21:49:02.104  INFO 10792 --- [main] c.t.s.Springboottest0ApplicationTests    : Starting Springboottest0ApplicationTests using Java 1.8.0_192 on Xien with PID 10792 (started by Xien in D:\IdeaProjects\springboottest0)
2020-12-21 21:49:02.105 DEBUG 10792 --- [main] c.t.s.Springboottest0ApplicationTests    : Running with Spring Boot v2.4.1, Spring v5.3.2
2020-12-21 21:49:02.109  INFO 10792 --- [main] c.t.s.Springboottest0ApplicationTests    : No active profile set, falling back to default profiles: default
2020-12-21 21:49:04.588  INFO 10792 --- [main] o.s.s.concurrent.ThreadPoolTaskExecutor  : Initializing ExecutorService 'applicationTaskExecutor'
2020-12-21 21:49:04.988  INFO 10792 --- [main] c.t.s.Springboottest0ApplicationTests    : Started Springboottest0ApplicationTests in 3.357 seconds (JVM running for 4.639)
2020-12-21 21:49:05.201 TRACE 10792 --- [main] c.t.s.Springboottest0ApplicationTests    : 这是trace日志...
2020-12-21 21:49:05.202 DEBUG 10792 --- [main] c.t.s.Springboottest0ApplicationTests    : 这是debug日志...
2020-12-21 21:49:05.204  INFO 10792 --- [main] c.t.s.Springboottest0ApplicationTests    : 这是info日志...
2020-12-21 21:49:05.204  WARN 10792 --- [main] c.t.s.Springboottest0ApplicationTests    : 这是warn日志...
2020-12-21 21:49:05.204 ERROR 10792 --- [main] c.t.s.Springboottest0ApplicationTests    : 这是error日志...
2020-12-21 21:49:05.231  INFO 10792 --- [SpringContextShutdownHook] o.s.s.concurrent.ThreadPoolTaskExecutor  : Shutting down ExecutorService 'applicationTaskExecutor'
